[debug] [2019-01-30T14:04:33.952Z] ----------------------------------------------------------------------
[debug] [2019-01-30T14:04:33.954Z] Command:       C:\Program Files\nodejs\node.exe C:\Users\ksgmotg\AppData\Roaming\npm\node_modules\firebase-tools\lib\bin\firebase.js login --reauth
[debug] [2019-01-30T14:04:33.954Z] CLI Version:   6.3.0
[debug] [2019-01-30T14:04:33.954Z] Platform:      win32
[debug] [2019-01-30T14:04:33.954Z] Node Version:  v8.11.1
[debug] [2019-01-30T14:04:33.957Z] Time:          Wed Jan 30 2019 17:04:33 GMT+0300 (Turkey Standard Time)
[debug] [2019-01-30T14:04:33.957Z] ----------------------------------------------------------------------
[debug] 
[info] 
[info] Visit this URL on any device to log in:
[info] https://accounts.google.com/o/oauth2/auth?client_id=563584335869-fgrhgmd47bqnekij5i8b5pr03ho849e6.apps.googleusercontent.com&scope=email%20openid%20https%3A%2F%2Fwww.googleapis.com%2Fauth%2Fcloudplatformprojects.readonly%20https%3A%2F%2Fwww.googleapis.com%2Fauth%2Ffirebase%20https%3A%2F%2Fwww.googleapis.com%2Fauth%2Fcloud-platform&response_type=code&state=966128664&redirect_uri=http%3A%2F%2Flocalhost%3A9005
[info] 
[info] Waiting for authentication...
[debug] [2019-01-30T14:04:51.533Z] >>> HTTP REQUEST POST https://accounts.google.com/o/oauth2/token  

[debug] [2019-01-30T14:04:52.542Z] Token Fetch Error: Error
    at new FirebaseError (C:\Users\ksgmotg\AppData\Roaming\npm\node_modules\firebase-tools\lib\error.js:9:18)
    at Request._callback (C:\Users\ksgmotg\AppData\Roaming\npm\node_modules\firebase-tools\lib\api.js:30:31)
    at self.callback (C:\Users\ksgmotg\AppData\Roaming\npm\node_modules\firebase-tools\node_modules\request\request.js:185:22)
    at emitOne (events.js:116:13)
    at Request.emit (events.js:211:7)
    at Request.onRequestError (C:\Users\ksgmotg\AppData\Roaming\npm\node_modules\firebase-tools\node_modules\request\request.js:881:8)
    at emitOne (events.js:116:13)
    at ClientRequest.emit (events.js:211:7)
    at TLSSocket.socketErrorListener (_http_client.js:387:9)
    at emitOne (events.js:116:13)
